0 info it worked if it ends with ok
1 verbose cli [ '/usr/local/bin/node', '/usr/local/bin/npm', 'publish' ]
2 info using npm@2.14.12
3 info using node@v4.2.6
4 verbose publish [ '.' ]
5 silly cache add args [ '.', null ]
6 verbose cache add spec .
7 silly cache add parsed spec Result {
7 silly cache add   raw: '.',
7 silly cache add   scope: null,
7 silly cache add   name: null,
7 silly cache add   rawSpec: '.',
7 silly cache add   spec: '/mnt/httpd2/htdocs/device-module',
7 silly cache add   type: 'directory' }
8 verbose addLocalDirectory /Users/robbins.cleozier/.npm/hubot-device-module/1.0.0/package.tgz not in flight; packing
9 verbose tar pack [ '/Users/robbins.cleozier/.npm/hubot-device-module/1.0.0/package.tgz',
9 verbose tar pack   '/mnt/httpd2/htdocs/device-module' ]
10 verbose tarball /Users/robbins.cleozier/.npm/hubot-device-module/1.0.0/package.tgz
11 verbose folder /mnt/httpd2/htdocs/device-module
12 info prepublish hubot-device-module@1.0.0
13 verbose addLocalTarball adding from inside cache /Users/robbins.cleozier/.npm/hubot-device-module/1.0.0/package.tgz
14 silly cache afterAdd hubot-device-module@1.0.0
15 verbose afterAdd /Users/robbins.cleozier/.npm/hubot-device-module/1.0.0/package/package.json not in flight; writing
16 verbose afterAdd /Users/robbins.cleozier/.npm/hubot-device-module/1.0.0/package/package.json written
17 silly publish { name: 'hubot-device-module',
17 silly publish   description: 'A hubot script that does the things',
17 silly publish   version: '1.0.0',
17 silly publish   author: { email: 'Robbins Cleozier' },
17 silly publish   license: 'MIT',
17 silly publish   keywords: [ 'hubot', 'hubot-scripts', 'device management', 'devices' ],
17 silly publish   repository:
17 silly publish    { type: 'git',
17 silly publish      url: 'git://github.com/rcleozier/hubot-device-module.git' },
17 silly publish   bugs: { url: 'https://github.com/rcleozier/hubot-device-module/issues' },
17 silly publish   dependencies: { 'coffee-script': '~1.6' },
17 silly publish   devDependencies:
17 silly publish    { mocha: '*',
17 silly publish      chai: '*',
17 silly publish      'sinon-chai': '*',
17 silly publish      sinon: '*',
17 silly publish      'grunt-mocha-test': '~0.7.0',
17 silly publish      'grunt-release': '~0.6.0',
17 silly publish      matchdep: '~0.1.2',
17 silly publish      'grunt-contrib-watch': '~0.5.3' },
17 silly publish   main: 'index.coffee',
17 silly publish   scripts: { test: 'grunt test' },
17 silly publish   readme: '# Device Management\n\nScript to assist with device management. Allows users to list, checkout and return devices.\n\n### Comands:\n\n```\n- [bot] seed devices - Perform initial seed of devices\n- [bot] devices - Get list of devices\n- [bot] add device {name} - Add device by name\n- [bot] remove device {id} - Remove device by id\n- [bot] checkout {id} - Checkout device with id\n- [bot] return {id} - Return device with id\n```\n\n### Installation\n\nIn hubot project repo, run:\n\n```\n    npm install hubot-device-module --save\n```\n\nThen add hubot-device-management to your external-scripts.json:\n\n```\n    ["hubot-device-module"]\n```',
17 silly publish   readmeFilename: 'README.md',
17 silly publish   gitHead: '165c7a3531144e1f0e92182c254425d81a0a8557',
17 silly publish   homepage: 'https://github.com/rcleozier/hubot-device-module#readme',
17 silly publish   _id: 'hubot-device-module@1.0.0',
17 silly publish   _shasum: 'a933188c5caca98c8298ee24291d1b6e8ab0eb0c',
17 silly publish   _from: '.' }
18 verbose getPublishConfig undefined
19 silly mapToRegistry name hubot-device-module
20 silly mapToRegistry using default registry
21 silly mapToRegistry registry https://registry.npmjs.org/
22 silly mapToRegistry uri https://registry.npmjs.org/hubot-device-module
23 verbose publish registryBase https://registry.npmjs.org/
24 silly publish uploading /Users/robbins.cleozier/.npm/hubot-device-module/1.0.0/package.tgz
25 verbose request uri https://registry.npmjs.org/hubot-device-module
26 verbose request sending authorization for write operation
27 info attempt registry request try #1 at 4:20:22 PM
28 verbose request using bearer token for auth
29 verbose request id b2d8f0be5650a6f7
30 http request PUT https://registry.npmjs.org/hubot-device-module
31 http 403 https://registry.npmjs.org/hubot-device-module
32 verbose headers { 'content-type': 'application/json',
32 verbose headers   'cache-control': 'max-age=300',
32 verbose headers   'content-length': '95',
32 verbose headers   'accept-ranges': 'bytes',
32 verbose headers   date: 'Thu, 19 May 2016 20:20:22 GMT',
32 verbose headers   via: '1.1 varnish',
32 verbose headers   connection: 'keep-alive',
32 verbose headers   'x-served-by': 'cache-jfk1021-JFK',
32 verbose headers   'x-cache': 'MISS',
32 verbose headers   'x-cache-hits': '0',
32 verbose headers   'x-timer': 'S1463689222.244681,VS0,VE705',
32 verbose headers   vary: 'Accept-Encoding' }
33 verbose request invalidating /Users/robbins.cleozier/.npm/registry.npmjs.org/hubot-device-module on PUT
34 error publish Failed PUT 403
35 verbose stack Error: "You cannot publish over the previously published version 1.0.0." : hubot-device-module
35 verbose stack     at makeError (/usr/local/lib/node_modules/npm/node_modules/npm-registry-client/lib/request.js:264:12)
35 verbose stack     at CachingRegistryClient.<anonymous> (/usr/local/lib/node_modules/npm/node_modules/npm-registry-client/lib/request.js:252:14)
35 verbose stack     at Request._callback (/usr/local/lib/node_modules/npm/node_modules/npm-registry-client/lib/request.js:172:14)
35 verbose stack     at Request.self.callback (/usr/local/lib/node_modules/npm/node_modules/request/request.js:198:22)
35 verbose stack     at emitTwo (events.js:87:13)
35 verbose stack     at Request.emit (events.js:172:7)
35 verbose stack     at Request.<anonymous> (/usr/local/lib/node_modules/npm/node_modules/request/request.js:1082:10)
35 verbose stack     at emitOne (events.js:82:20)
35 verbose stack     at Request.emit (events.js:169:7)
35 verbose stack     at IncomingMessage.<anonymous> (/usr/local/lib/node_modules/npm/node_modules/request/request.js:1009:12)
36 verbose statusCode 403
37 verbose pkgid hubot-device-module
38 verbose cwd /mnt/httpd2/htdocs/device-module
39 error Darwin 15.5.0
40 error argv "/usr/local/bin/node" "/usr/local/bin/npm" "publish"
41 error node v4.2.6
42 error npm  v2.14.12
43 error code E403
44 error "You cannot publish over the previously published version 1.0.0." : hubot-device-module
45 error If you need help, you may report this error at:
45 error     <https://github.com/npm/npm/issues>
46 verbose exit [ 1, true ]
